Using pre-set license
Built from '2020.3/staging' branch; Version is '2020.3.3f1 (76626098c1c4) revision 7758432'; Using compiler version '192528614'; Build Type 'Release'
OS: 'Windows 10 Pro; OS build 19042.928; Version 2009; 64bit' Language: 'en' Physical Memory: 15741 MB
BatchMode: 1, IsHumanControllingUs: 0, StartBugReporterOnCrash: 0, Is64bit: 1, IsPro: 0

 COMMAND LINE ARGUMENTS:
C:\Program Files\Unity\Hub\Editor\2020.3.3f1\Editor\Unity.exe
-adb2
-batchMode
-noUpm
-name
AssetImportWorker0
-projectPath
C:/Users/nikki/Documents/GitHub/Antibiogram_Final
-logFile
Logs/AssetImportWorker0.log
-srvPort
57513
Successfully changed project path to: C:/Users/nikki/Documents/GitHub/Antibiogram_Final
C:/Users/nikki/Documents/GitHub/Antibiogram_Final
Using Asset Import Pipeline V2.
Refreshing native plugins compatible for Editor in 23.84 ms, found 0 plugins.
Preloading 0 native plugins for Editor in 0.00 ms.
Initialize engine version: 2020.3.3f1 (76626098c1c4)
[Subsystems] Discovering subsystems at path C:/Program Files/Unity/Hub/Editor/2020.3.3f1/Editor/Data/Resources/UnitySubsystems
[Subsystems] Discovering subsystems at path C:/Users/nikki/Documents/GitHub/Antibiogram_Final/Assets
GfxDevice: creating device client; threaded=0
Direct3D:
    Version:  Direct3D 11.0 [level 11.1]
    Renderer: NVIDIA GeForce GTX 1650 Ti (ID=0x1f95)
    Vendor:   
    VRAM:     3962 MB
    Driver:   27.21.14.6627
Initialize mono
Mono path[0] = 'C:/Program Files/Unity/Hub/Editor/2020.3.3f1/Editor/Data/Managed'
Mono path[1] = 'C:/Program Files/Unity/Hub/Editor/2020.3.3f1/Editor/Data/MonoBleedingEdge/lib/mono/unityjit'
Mono config path = 'C:/Program Files/Unity/Hub/Editor/2020.3.3f1/Editor/Data/MonoBleedingEdge/etc'
Using monoOptions --debugger-agent=transport=dt_socket,embedding=1,server=y,suspend=n,address=127.0.0.1:56136
Begin MonoManager ReloadAssembly
Registering precompiled unity dll's ...
Register platform support module: C:/Program Files/Unity/Hub/Editor/2020.3.3f1/Editor/Data/PlaybackEngines/WindowsStandaloneSupport/UnityEditor.WindowsStandalone.Extensions.dll
Registered in 0.001489 seconds.
Native extension for WindowsStandalone target not found
Refreshing native plugins compatible for Editor in 25.23 ms, found 0 plugins.
Preloading 0 native plugins for Editor in 0.00 ms.
Invoked RoslynAnalysisRunner static constructor.
RoslynAnalysisRunner will not be running.
RoslynAnalysisRunner has terminated.
Mono: successfully reloaded assembly
- Completed reload, in  0.825 seconds
Platform modules already initialized, skipping
Registering precompiled user dll's ...
Registered in 0.000611 seconds.
Begin MonoManager ReloadAssembly
Native extension for WindowsStandalone target not found
Refreshing native plugins compatible for Editor in 0.30 ms, found 0 plugins.
Preloading 0 native plugins for Editor in 0.00 ms.
Invoked RoslynAnalysisRunner static constructor.
RoslynAnalysisRunner will not be running.
RoslynAnalysisRunner has terminated.
Mono: successfully reloaded assembly
- Completed reload, in  0.728 seconds
Platform modules already initialized, skipping
========================================================================
Worker process is ready to serve import requests
Launched and connected shader compiler UnityShaderCompiler.exe after 0.04 seconds
Refreshing native plugins compatible for Editor in 0.25 ms, found 0 plugins.
Preloading 0 native plugins for Editor in 0.00 ms.
Unloading 1118 Unused Serialized files (Serialized files now loaded: 0)
System memory in use before: 77.7 MB.
System memory in use after: 77.8 MB.

Unloading 8 unused Assets to reduce memory usage. Loaded Objects now: 1584.
Total: 2.686800 ms (FindLiveObjects: 0.260800 ms CreateObjectMapping: 0.071800 ms MarkObjects: 2.325700 ms  DeleteObjects: 0.026200 ms)

========================================================================
Received Import Request.
  path: Assets/Raw Mocap Data/Animations/Idle.fbx
  artifactKey: Guid(bb5715c9604094b48949fb4aaa87b4df) Importer(815301076,1909f56bfc062723c751e8b465ee728b)
Start importing Assets/Raw Mocap Data/Animations/Idle.fbx using Guid(bb5715c9604094b48949fb4aaa87b4df) Importer(815301076,1909f56bfc062723c751e8b465ee728b)  -> (artifact id: 'ece228c9e126d5bd6ded8e32d3002e1b') in 0.060270 seconds
  Import took 0.063121 seconds .

========================================================================
Received Prepare
Registering precompiled user dll's ...
Registered in 0.000563 seconds.
Begin MonoManager ReloadAssembly
Native extension for WindowsStandalone target not found
Refreshing native plugins compatible for Editor in 0.25 ms, found 0 plugins.
Preloading 0 native plugins for Editor in 0.00 ms.
Invoked RoslynAnalysisRunner static constructor.
RoslynAnalysisRunner will not be running.
RoslynAnalysisRunner has terminated.
Mono: successfully reloaded assembly
- Completed reload, in  0.695 seconds
Platform modules already initialized, skipping
Refreshing native plugins compatible for Editor in 0.32 ms, found 0 plugins.
Preloading 0 native plugins for Editor in 0.00 ms.
Unloading 1112 Unused Serialized files (Serialized files now loaded: 0)
System memory in use before: 77.6 MB.
System memory in use after: 77.7 MB.

Unloading 4 unused Assets to reduce memory usage. Loaded Objects now: 1587.
Total: 2.415600 ms (FindLiveObjects: 0.281800 ms CreateObjectMapping: 0.035500 ms MarkObjects: 2.061000 ms  DeleteObjects: 0.034300 ms)

========================================================================
Received Import Request.
  Time since last request: 56.309487 seconds.
  path: Assets/Raw Mocap Data/Animations/Idle.fbx
  artifactKey: Guid(bb5715c9604094b48949fb4aaa87b4df) Importer(815301076,1909f56bfc062723c751e8b465ee728b)
Start importing Assets/Raw Mocap Data/Animations/Idle.fbx using Guid(bb5715c9604094b48949fb4aaa87b4df) Importer(815301076,1909f56bfc062723c751e8b465ee728b)  -> (artifact id: 'fc7e6ba30756e698b43325fe200be5cb') in 0.045747 seconds
  Import took 0.048321 seconds .

========================================================================
Received Import Request.
  Time since last request: 13.471242 seconds.
  path: Assets/Raw Mocap Data/Animations/Idle.fbx
  artifactKey: Guid(bb5715c9604094b48949fb4aaa87b4df) Importer(815301076,1909f56bfc062723c751e8b465ee728b)
Start importing Assets/Raw Mocap Data/Animations/Idle.fbx using Guid(bb5715c9604094b48949fb4aaa87b4df) Importer(815301076,1909f56bfc062723c751e8b465ee728b)  -> (artifact id: 'aa6812bde4dd7910c96bc72bde7b3655') in 0.021051 seconds
  Import took 0.023829 seconds .

========================================================================
Received Prepare
Registering precompiled user dll's ...
Registered in 0.000585 seconds.
Begin MonoManager ReloadAssembly
Native extension for WindowsStandalone target not found
Refreshing native plugins compatible for Editor in 0.26 ms, found 0 plugins.
Preloading 0 native plugins for Editor in 0.00 ms.
Invoked RoslynAnalysisRunner static constructor.
RoslynAnalysisRunner will not be running.
RoslynAnalysisRunner has terminated.
Mono: successfully reloaded assembly
- Completed reload, in  0.675 seconds
Platform modules already initialized, skipping
Refreshing native plugins compatible for Editor in 0.33 ms, found 0 plugins.
Preloading 0 native plugins for Editor in 0.00 ms.
Unloading 1112 Unused Serialized files (Serialized files now loaded: 0)
System memory in use before: 77.6 MB.
System memory in use after: 77.7 MB.

Unloading 4 unused Assets to reduce memory usage. Loaded Objects now: 1590.
Total: 1.949500 ms (FindLiveObjects: 0.237800 ms CreateObjectMapping: 0.032800 ms MarkObjects: 1.661800 ms  DeleteObjects: 0.015600 ms)

========================================================================
Received Import Request.
  Time since last request: 14.417247 seconds.
  path: Assets/Raw Mocap Data/Animations/Idle.fbx
  artifactKey: Guid(bb5715c9604094b48949fb4aaa87b4df) Importer(815301076,1909f56bfc062723c751e8b465ee728b)
Start importing Assets/Raw Mocap Data/Animations/Idle.fbx using Guid(bb5715c9604094b48949fb4aaa87b4df) Importer(815301076,1909f56bfc062723c751e8b465ee728b)  -> (artifact id: '6334ccd36ba198e754be61395554fe2e') in 0.044412 seconds
  Import took 0.047528 seconds .

========================================================================
Received Prepare
Registering precompiled user dll's ...
Registered in 0.000593 seconds.
Begin MonoManager ReloadAssembly
Native extension for WindowsStandalone target not found
Refreshing native plugins compatible for Editor in 0.27 ms, found 0 plugins.
Preloading 0 native plugins for Editor in 0.00 ms.
Invoked RoslynAnalysisRunner static constructor.
RoslynAnalysisRunner will not be running.
RoslynAnalysisRunner has terminated.
Mono: successfully reloaded assembly
- Completed reload, in  0.688 seconds
Platform modules already initialized, skipping
Refreshing native plugins compatible for Editor in 0.33 ms, found 0 plugins.
Preloading 0 native plugins for Editor in 0.00 ms.
Unloading 1112 Unused Serialized files (Serialized files now loaded: 0)
System memory in use before: 77.6 MB.
System memory in use after: 77.7 MB.

Unloading 4 unused Assets to reduce memory usage. Loaded Objects now: 1593.
Total: 2.289300 ms (FindLiveObjects: 0.179800 ms CreateObjectMapping: 0.032200 ms MarkObjects: 2.056700 ms  DeleteObjects: 0.018800 ms)

========================================================================
Received Import Request.
  Time since last request: 14.401503 seconds.
  path: Assets/Raw Mocap Data/Animations/Idle.fbx
  artifactKey: Guid(bb5715c9604094b48949fb4aaa87b4df) Importer(815301076,1909f56bfc062723c751e8b465ee728b)
Start importing Assets/Raw Mocap Data/Animations/Idle.fbx using Guid(bb5715c9604094b48949fb4aaa87b4df) Importer(815301076,1909f56bfc062723c751e8b465ee728b)  -> (artifact id: '230dfe77e4eee37e0da93fd65e4133f3') in 0.044808 seconds
  Import took 0.047336 seconds .

========================================================================
Received Import Request.
  Time since last request: 7.522894 seconds.
  path: Assets/Raw Mocap Data/Animations/WalkForward.fbx
  artifactKey: Guid(c31c80009cccec043ac9ec4439552a4d) Importer(815301076,1909f56bfc062723c751e8b465ee728b)
Start importing Assets/Raw Mocap Data/Animations/WalkForward.fbx using Guid(c31c80009cccec043ac9ec4439552a4d) Importer(815301076,1909f56bfc062723c751e8b465ee728b)  -> (artifact id: '3333d5cc2da6519ba0712ded2c1432b9') in 0.006394 seconds
  Import took 0.009216 seconds .

========================================================================
Received Import Request.
  Time since last request: 24.779742 seconds.
  path: Assets/Raw Mocap Data/Animations/WalkForwardTurnRight.fbx
  artifactKey: Guid(fcc90ef6ce200b24baca6a3de082aed4) Importer(815301076,1909f56bfc062723c751e8b465ee728b)
Start importing Assets/Raw Mocap Data/Animations/WalkForwardTurnRight.fbx using Guid(fcc90ef6ce200b24baca6a3de082aed4) Importer(815301076,1909f56bfc062723c751e8b465ee728b)  -> (artifact id: '17b2d065bbbfda55e17ad100d97b219c') in 0.015311 seconds
  Import took 0.018196 seconds .

========================================================================
Received Import Request.
  Time since last request: 5.423196 seconds.
  path: Assets/Raw Mocap Data/Animations/WalkForward.fbx
  artifactKey: Guid(c31c80009cccec043ac9ec4439552a4d) Importer(815301076,1909f56bfc062723c751e8b465ee728b)
Start importing Assets/Raw Mocap Data/Animations/WalkForward.fbx using Guid(c31c80009cccec043ac9ec4439552a4d) Importer(815301076,1909f56bfc062723c751e8b465ee728b)  -> (artifact id: 'aeaa178ef41943162c67d8bc4966b6c1') in 0.006678 seconds
  Import took 0.009092 seconds .

========================================================================
Received Prepare
Registering precompiled user dll's ...
Registered in 0.000707 seconds.
Begin MonoManager ReloadAssembly
Native extension for WindowsStandalone target not found
Refreshing native plugins compatible for Editor in 0.33 ms, found 0 plugins.
Preloading 0 native plugins for Editor in 0.00 ms.
Invoked RoslynAnalysisRunner static constructor.
RoslynAnalysisRunner will not be running.
RoslynAnalysisRunner has terminated.
Mono: successfully reloaded assembly
- Completed reload, in  0.816 seconds
Platform modules already initialized, skipping
Refreshing native plugins compatible for Editor in 0.28 ms, found 0 plugins.
Preloading 0 native plugins for Editor in 0.00 ms.
Unloading 1112 Unused Serialized files (Serialized files now loaded: 0)
System memory in use before: 77.7 MB.
System memory in use after: 77.8 MB.

Unloading 4 unused Assets to reduce memory usage. Loaded Objects now: 1596.
Total: 2.326200 ms (FindLiveObjects: 0.436600 ms CreateObjectMapping: 0.121400 ms MarkObjects: 1.745100 ms  DeleteObjects: 0.020000 ms)

========================================================================
Received Import Request.
  Time since last request: 88.087495 seconds.
  path: Assets/Raw Mocap Data/PlayerAnimatorController.controller
  artifactKey: Guid(4c6dcf920f45e46469d123ba4b00d482) Importer(815301076,1909f56bfc062723c751e8b465ee728b)
Start importing Assets/Raw Mocap Data/PlayerAnimatorController.controller using Guid(4c6dcf920f45e46469d123ba4b00d482) Importer(815301076,1909f56bfc062723c751e8b465ee728b)  -> (artifact id: '38a4e871cbf394ef12ddfb65bf2f8fcd') in 0.040980 seconds
  Import took 0.043721 seconds .

========================================================================
Received Prepare
Registering precompiled user dll's ...
Registered in 0.000712 seconds.
Begin MonoManager ReloadAssembly
Native extension for WindowsStandalone target not found
Refreshing native plugins compatible for Editor in 0.28 ms, found 0 plugins.
Preloading 0 native plugins for Editor in 0.00 ms.
Invoked RoslynAnalysisRunner static constructor.
RoslynAnalysisRunner will not be running.
RoslynAnalysisRunner has terminated.
Mono: successfully reloaded assembly
- Completed reload, in  0.732 seconds
Platform modules already initialized, skipping
Refreshing native plugins compatible for Editor in 0.36 ms, found 0 plugins.
Preloading 0 native plugins for Editor in 0.00 ms.
Unloading 1112 Unused Serialized files (Serialized files now loaded: 0)
System memory in use before: 77.7 MB.
System memory in use after: 77.8 MB.

Unloading 4 unused Assets to reduce memory usage. Loaded Objects now: 1599.
Total: 1.788100 ms (FindLiveObjects: 0.229700 ms CreateObjectMapping: 0.028800 ms MarkObjects: 1.504400 ms  DeleteObjects: 0.023500 ms)

========================================================================
Received Import Request.
  Time since last request: 55.960585 seconds.
  path: Assets/8K Skybox Pack Free
  artifactKey: Guid(e0f16c914a044324698e766caa6234f4) Importer(815301076,1909f56bfc062723c751e8b465ee728b)
Start importing Assets/8K Skybox Pack Free using Guid(e0f16c914a044324698e766caa6234f4) Importer(815301076,1909f56bfc062723c751e8b465ee728b)  -> (artifact id: '456cf96676595055a378b98c443e6348') in 0.009279 seconds
  Import took 0.011341 seconds .

========================================================================
Received Prepare
Registering precompiled user dll's ...
Registered in 0.000673 seconds.
Begin MonoManager ReloadAssembly
Native extension for WindowsStandalone target not found
Refreshing native plugins compatible for Editor in 0.25 ms, found 0 plugins.
Preloading 0 native plugins for Editor in 0.00 ms.
Invoked RoslynAnalysisRunner static constructor.
RoslynAnalysisRunner will not be running.
RoslynAnalysisRunner has terminated.
Mono: successfully reloaded assembly
- Completed reload, in  0.676 seconds
Platform modules already initialized, skipping
Refreshing native plugins compatible for Editor in 0.25 ms, found 0 plugins.
Preloading 0 native plugins for Editor in 0.00 ms.
Unloading 1111 Unused Serialized files (Serialized files now loaded: 0)
System memory in use before: 77.7 MB.
System memory in use after: 77.8 MB.

Unloading 5 unused Assets to reduce memory usage. Loaded Objects now: 1601.
Total: 2.090000 ms (FindLiveObjects: 0.293800 ms CreateObjectMapping: 0.069600 ms MarkObjects: 1.705000 ms  DeleteObjects: 0.019600 ms)

========================================================================
Received Import Request.
  Time since last request: 35.736357 seconds.
  path: Assets/Animations/Character
  artifactKey: Guid(0760f6c88d6b64f45baca9ab1ddcb1ac) Importer(815301076,1909f56bfc062723c751e8b465ee728b)
Start importing Assets/Animations/Character using Guid(0760f6c88d6b64f45baca9ab1ddcb1ac) Importer(815301076,1909f56bfc062723c751e8b465ee728b)  -> (artifact id: '3f727d377d62f8d313271fc2bc63ec45') in 0.008544 seconds
  Import took 0.011050 seconds .

========================================================================
Received Import Request.
  Time since last request: 53.520223 seconds.
  path: Assets/Scripts/PlayerController.cs
  artifactKey: Guid(950317be9bffc3b46b1b76846a7c96c1) Importer(815301076,1909f56bfc062723c751e8b465ee728b)
Start importing Assets/Scripts/PlayerController.cs using Guid(950317be9bffc3b46b1b76846a7c96c1) Importer(815301076,1909f56bfc062723c751e8b465ee728b)  -> (artifact id: '2aee8903e8bdbe5a3733b5f083955f29') in 0.008663 seconds
  Import took 0.010539 seconds .

========================================================================
Received Import Request.
  Time since last request: 3.366563 seconds.
  path: Assets/anti.unity
  artifactKey: Guid(db9d21b84108e9742a1588717198291f) Importer(815301076,1909f56bfc062723c751e8b465ee728b)
Start importing Assets/anti.unity using Guid(db9d21b84108e9742a1588717198291f) Importer(815301076,1909f56bfc062723c751e8b465ee728b)  -> (artifact id: 'c01716193202775c00934cf35e0fe68d') in 0.017143 seconds
  Import took 0.019547 seconds .

========================================================================
Received Prepare
Registering precompiled user dll's ...
Registered in 0.000696 seconds.
Begin MonoManager ReloadAssembly
Native extension for WindowsStandalone target not found
Refreshing native plugins compatible for Editor in 0.26 ms, found 0 plugins.
Preloading 0 native plugins for Editor in 0.00 ms.
Invoked RoslynAnalysisRunner static constructor.
RoslynAnalysisRunner will not be running.
RoslynAnalysisRunner has terminated.
Mono: successfully reloaded assembly
- Completed reload, in  0.729 seconds
Platform modules already initialized, skipping
Refreshing native plugins compatible for Editor in 0.26 ms, found 0 plugins.
Preloading 0 native plugins for Editor in 0.00 ms.
Unloading 1111 Unused Serialized files (Serialized files now loaded: 0)
System memory in use before: 77.7 MB.
System memory in use after: 77.8 MB.

Unloading 4 unused Assets to reduce memory usage. Loaded Objects now: 1604.
Total: 1.818600 ms (FindLiveObjects: 0.151100 ms CreateObjectMapping: 0.027300 ms MarkObjects: 1.621300 ms  DeleteObjects: 0.017500 ms)

AssetImportWorkerClient::OnTransportError - code=2 error=End of file
